<?xml version="1.0" encoding="UTF-8"?>
<!-- Generated by org.testng.reporters.JUnitReportReporter -->
<testsuite hostname="DESKTOP-OLEVU1S" failures="0" tests="1" name="TestScripts.TC01_Reg_test" time="11.487" errors="0" timestamp="2024-12-01T12:57:04 IST" skipped="0">
  <testcase classname="TestScripts.TC01_Reg_test" name="register" time="11.487"/>
  <system-out/>
</testsuite> <!-- TestScripts.TC01_Reg_test -->
