<?xml version="1.0" encoding="UTF-8"?>
<!-- Generated by org.testng.reporters.JUnitReportReporter -->
<testsuite hostname="DESKTOP-OLEVU1S" failures="0" tests="1" name="TestScripts.TC02_Log_test" time="9.456" errors="0" timestamp="2024-12-01T12:57:30 IST" skipped="0">
  <testcase classname="TestScripts.TC02_Log_test" name="login" time="9.456"/>
  <system-out/>
</testsuite> <!-- TestScripts.TC02_Log_test -->
