<?xml version="1.0" encoding="UTF-8"?>
<!-- Generated by org.testng.reporters.JUnitReportReporter -->
<testsuite hostname="DESKTOP-OLEVU1S" failures="0" tests="1" name="TestScripts.TC04_WishList_test" time="20.465" errors="0" timestamp="2024-12-01T12:59:09 IST" skipped="0">
  <testcase classname="TestScripts.TC04_WishList_test" name="wishList" time="20.465"/>
  <system-out/>
</testsuite> <!-- TestScripts.TC04_WishList_test -->
