<?xml version="1.0" encoding="UTF-8"?>
<!-- Generated by org.testng.reporters.JUnitReportReporter -->
<testsuite hostname="DESKTOP-OLEVU1S" failures="0" tests="1" name="TestScripts.TC03_ShopCart_test" time="7.994" errors="0" timestamp="2024-12-01T12:57:57 IST" skipped="0">
  <testcase classname="TestScripts.TC03_ShopCart_test" name="shoppingCart" time="7.994"/>
  <system-out/>
</testsuite> <!-- TestScripts.TC03_ShopCart_test -->
